<?xml version="1.0" encoding="UTF-8"?>
<testng-results skipped="0" failed="1" ignored="0" total="1" passed="0">
  <reporter-output>
  </reporter-output>
  <suite name="Default suite" duration-ms="10733" started-at="2020-01-11T12:28:55Z" finished-at="2020-01-11T12:29:06Z">
    <groups>
    </groups>
    <test name="Default test" duration-ms="10733" started-at="2020-01-11T12:28:55Z" finished-at="2020-01-11T12:29:06Z">
      <class name="com.qspiders.btm.actitime.scripts.ATVersionTest">
        <test-method status="PASS" signature="openBrowser()[pri:0, instance:com.qspiders.btm.actitime.scripts.ATVersionTest@6f7fd0e6]" name="openBrowser" is-config="true" duration-ms="6148" started-at="2020-01-11T12:28:55Z" finished-at="2020-01-11T12:29:01Z">
          <reporter-output>
          </reporter-output>
        </test-method> <!-- openBrowser -->
        <test-method status="PASS" signature="login()[pri:0, instance:com.qspiders.btm.actitime.scripts.ATVersionTest@6f7fd0e6]" name="login" is-config="true" duration-ms="251" started-at="2020-01-11T12:29:01Z" finished-at="2020-01-11T12:29:01Z">
          <reporter-output>
          </reporter-output>
        </test-method> <!-- login -->
        <test-method status="FAIL" signature="getVersion()[pri:0, instance:com.qspiders.btm.actitime.scripts.ATVersionTest@6f7fd0e6]" name="getVersion" duration-ms="1600" started-at="2020-01-11T12:29:01Z" finished-at="2020-01-11T12:29:03Z">
          <exception class="java.lang.AssertionError">
            <message>
              <![CDATA[expected [actiTIME 2017.4] but found [actiTIME 2017]]]>
            </message>
            <full-stacktrace>
              <![CDATA[java.lang.AssertionError: expected [actiTIME 2017.4] but found [actiTIME 2017]
at org.testng.Assert.fail(Assert.java:96)
at org.testng.Assert.failNotEquals(Assert.java:776)
at org.testng.Assert.assertEqualsImpl(Assert.java:137)
at org.testng.Assert.assertEquals(Assert.java:118)
at org.testng.Assert.assertEquals(Assert.java:453)
at org.testng.Assert.assertEquals(Assert.java:463)
at com.qspiders.btm.actitime.scripts.ATVersionTest.getVersion(ATVersionTest.java:15)
at sun.reflect.NativeMethodAccessorImpl.invoke0(Native Method)
at sun.reflect.NativeMethodAccessorImpl.invoke(Unknown Source)
at sun.reflect.DelegatingMethodAccessorImpl.invoke(Unknown Source)
at java.lang.reflect.Method.invoke(Unknown Source)
at org.testng.internal.MethodInvocationHelper.invokeMethod(MethodInvocationHelper.java:124)
at org.testng.internal.Invoker.invokeMethod(Invoker.java:583)
at org.testng.internal.Invoker.invokeTestMethod(Invoker.java:719)
at org.testng.internal.Invoker.invokeTestMethods(Invoker.java:989)
at org.testng.internal.TestMethodWorker.invokeTestMethods(TestMethodWorker.java:125)
at org.testng.internal.TestMethodWorker.run(TestMethodWorker.java:109)
at org.testng.TestRunner.privateRun(TestRunner.java:648)
at org.testng.TestRunner.run(TestRunner.java:505)
at org.testng.SuiteRunner.runTest(SuiteRunner.java:455)
at org.testng.SuiteRunner.runSequentially(SuiteRunner.java:450)
at org.testng.SuiteRunner.privateRun(SuiteRunner.java:415)
at org.testng.SuiteRunner.run(SuiteRunner.java:364)
at org.testng.SuiteRunnerWorker.runSuite(SuiteRunnerWorker.java:52)
at org.testng.SuiteRunnerWorker.run(SuiteRunnerWorker.java:84)
at org.testng.TestNG.runSuitesSequentially(TestNG.java:1208)
at org.testng.TestNG.runSuitesLocally(TestNG.java:1137)
at org.testng.TestNG.runSuites(TestNG.java:1049)
at org.testng.TestNG.run(TestNG.java:1017)
at org.testng.remote.AbstractRemoteTestNG.run(AbstractRemoteTestNG.java:115)
at org.testng.remote.RemoteTestNG.initAndRun(RemoteTestNG.java:251)
at org.testng.remote.RemoteTestNG.main(RemoteTestNG.java:77)
]]>
            </full-stacktrace>
          </exception> <!-- java.lang.AssertionError -->
          <reporter-output>
          </reporter-output>
        </test-method> <!-- getVersion -->
        <test-method status="PASS" signature="captureError(org.testng.ITestResult)[pri:0, instance:com.qspiders.btm.actitime.scripts.ATVersionTest@6f7fd0e6]" name="captureError" is-config="true" duration-ms="328" started-at="2020-01-11T12:29:03Z" finished-at="2020-01-11T12:29:03Z">
          <params>
            <param index="0">
              <value>
                <![CDATA[[TestResult name=getVersion status=FAILURE method=ATVersionTest.getVersion()[pri:0, instance:com.qspiders.btm.actitime.scripts.ATVersionTest@6f7fd0e6] output={null}]]]>
              </value>
            </param>
          </params>
          <reporter-output>
          </reporter-output>
        </test-method> <!-- captureError -->
        <test-method status="PASS" signature="logout()[pri:0, instance:com.qspiders.btm.actitime.scripts.ATVersionTest@6f7fd0e6]" name="logout" is-config="true" duration-ms="2248" started-at="2020-01-11T12:29:03Z" finished-at="2020-01-11T12:29:06Z">
          <reporter-output>
          </reporter-output>
        </test-method> <!-- logout -->
        <test-method status="PASS" signature="closeBrowser()[pri:0, instance:com.qspiders.btm.actitime.scripts.ATVersionTest@6f7fd0e6]" name="closeBrowser" is-config="true" duration-ms="0" started-at="2020-01-11T12:29:06Z" finished-at="2020-01-11T12:29:06Z">
          <reporter-output>
          </reporter-output>
        </test-method> <!-- closeBrowser -->
      </class> <!-- com.qspiders.btm.actitime.scripts.ATVersionTest -->
    </test> <!-- Default test -->
  </suite> <!-- Default suite -->
</testng-results>
